<?xml version="1.0" encoding="UTF-8" ?>
<testsuite errors="0" failures="0" hostname="LAPTOP-VDNS1MSM" name="test.WeatherApp_Test" skipped="0" tests="4" time="0.833" timestamp="2019-01-13T23:50:28">
  <properties>
[...]
</properties>
  <testcase classname="test.WeatherApp_Test" name="test_getWeatherData_Pass1" time="0.281" />
  <testcase classname="test.WeatherApp_Test" name="test_getWeatherData_Pass2" time="0.086" />
  <testcase classname="test.WeatherApp_Test" name="test_getWeatherData_Pass3" time="0.089" />
  <testcase classname="test.WeatherApp_Test" name="test_getWeatherData_Fail" time="0.102" />
  <system-out><![CDATA[Current temperature in Chicago: 28.49 F
Current temperature in Butte,US: 26.96 F
Current temperature in Des Moines,IA,US: 25.47 F
City could not be found.
]]></system-out>
  <system-err><![CDATA[]]></system-err>
</testsuite>
